{
  "RSpec": {
    "coverage": {
      "/Users/jonflores/Development/code/tic-tac-toe-rb-v-000/lib/tic_tac_toe.rb": [
        null,
        1,
        null,
        null,
        null,
        null,
        null,
        null,
        null,
        null,
        null,
        1,
        24,
        24,
        24,
        24,
        24,
        null,
        null,
        1,
        23,
        null,
        null,
        1,
        22,
        null,
        null,
        1,
        191,
        null,
        null,
        1,
        23,
        20,
        null,
        null,
        null,
        1,
        20,
        20,
        20,
        20,
        19,
        19,
        null,
        1,
        1,
        null,
        null,
        null,
        1,
        21,
        21,
        189,
        31,
        null,
        null,
        21,
        null,
        null,
        1,
        null,
        null,
        null,
        20,
        null,
        null,
        1,
        73,
        511,
        null,
        null,
        null,
        1,
        37,
        165,
        null,
        null,
        null,
        1,
        20,
        4,
        16,
        16,
        null,
        null,
        null,
        1,
        21,
        10,
        null,
        null,
        null,
        1,
        7,
        6,
        null,
        null,
        null,
        1,
        12,
        17,
        null,
        12,
        5,
        7,
        3,
        null,
        null
      ]
    },
    "timestamp": 1561702996
  }
}
